<?xml version="1.0" encoding="UTF-8"?>
<!-- Generated by org.testng.reporters.JUnitReportReporter -->
<testsuite hostname="LenDevPC" name="APITestingNASA.com.nasa.api.SearchGetRequests" tests="2" failures="0" timestamp="11 Feb 2019 20:06:42 GMT" time="3.570" errors="0">
  <testcase name="Test_Q" time="1.593" classname="APITestingNASA.com.nasa.api.SearchGetRequests"/>
  <testcase name="Test_ID" time="1.977" classname="APITestingNASA.com.nasa.api.SearchGetRequests"/>
</testsuite> <!-- APITestingNASA.com.nasa.api.SearchGetRequests -->
